{"/home/vali-it/IdeaProjects/electricity-price/svelte.config.js": {"path":"/home/vali-it/IdeaProjects/electricity-price/svelte.config.js","all":true,"statementMap":{"0":{"start":{"line":1,"column":0},"end":{"line":1,"column":61}},"1":{"start":{"line":2,"column":0},"end":{"line":2,"column":0}},"2":{"start":{"line":3,"column":0},"end":{"line":3,"column":16}},"3":{"start":{"line":4,"column":0},"end":{"line":4,"column":67}},"4":{"start":{"line":5,"column":0},"end":{"line":5,"column":45}},"5":{"start":{"line":6,"column":0},"end":{"line":6,"column":31}},"6":{"start":{"line":7,"column":0},"end":{"line":7,"column":1}}},"s":{"0":0,"1":0,"2":0,"3":0,"4":0,"5":0,"6":0},"branchMap":{"0":{"type":"branch","line":1,"loc":{"start":{"line":1,"column":0},"end":{"line":7,"column":-79}},"locations":[{"start":{"line":1,"column":0},"end":{"line":7,"column":-79}}]}},"b":{"0":[0]},"fnMap":{"0":{"name":"(empty-report)","decl":{"start":{"line":1,"column":0},"end":{"line":7,"column":-79}},"loc":{"start":{"line":1,"column":0},"end":{"line":7,"column":-79}},"line":1}},"f":{"0":0}}
,"/home/vali-it/IdeaProjects/electricity-price/src/App.svelte": {"path":"/home/vali-it/IdeaProjects/electricity-price/src/App.svelte","all":false,"statementMap":{"0":{"start":{"line":1,"column":0},"end":{"line":1,"column":18}},"15":{"start":{"line":16,"column":0},"end":{"line":16,"column":37}},"16":{"start":{"line":17,"column":0},"end":{"line":17,"column":47}},"18":{"start":{"line":19,"column":0},"end":{"line":19,"column":76}},"19":{"start":{"line":20,"column":0},"end":{"line":20,"column":28}},"21":{"start":{"line":22,"column":0},"end":{"line":22,"column":39}},"22":{"start":{"line":23,"column":0},"end":{"line":23,"column":48}},"25":{"start":{"line":26,"column":0},"end":{"line":26,"column":103}},"26":{"start":{"line":27,"column":0},"end":{"line":27,"column":84}},"29":{"start":{"line":30,"column":0},"end":{"line":30,"column":96}},"30":{"start":{"line":31,"column":0},"end":{"line":31,"column":83}},"33":{"start":{"line":34,"column":0},"end":{"line":34,"column":19}},"34":{"start":{"line":35,"column":0},"end":{"line":35,"column":18}},"37":{"start":{"line":38,"column":0},"end":{"line":38,"column":75}},"38":{"start":{"line":39,"column":0},"end":{"line":39,"column":61}},"42":{"start":{"line":43,"column":0},"end":{"line":43,"column":15}},"43":{"start":{"line":44,"column":0},"end":{"line":44,"column":29}},"45":{"start":{"line":46,"column":0},"end":{"line":46,"column":31}},"53":{"start":{"line":54,"column":0},"end":{"line":54,"column":35}}},"s":{"0":1,"15":1,"16":1,"18":1,"19":1,"21":1,"22":1,"25":1,"26":1,"29":1,"30":1,"33":1,"34":1,"37":1,"38":1,"42":1,"43":1,"45":1,"53":1},"branchMap":{"0":{"type":"branch","line":27,"loc":{"start":{"line":27,"column":46},"end":{"line":27,"column":84}},"locations":[{"start":{"line":27,"column":46},"end":{"line":27,"column":84}}]},"1":{"type":"branch","line":31,"loc":{"start":{"line":31,"column":46},"end":{"line":31,"column":83}},"locations":[{"start":{"line":31,"column":46},"end":{"line":31,"column":83}}]},"2":{"type":"branch","line":38,"loc":{"start":{"line":38,"column":20},"end":{"line":38,"column":75}},"locations":[{"start":{"line":38,"column":20},"end":{"line":38,"column":75}}]},"3":{"type":"branch","line":39,"loc":{"start":{"line":39,"column":13},"end":{"line":39,"column":61}},"locations":[{"start":{"line":39,"column":13},"end":{"line":39,"column":61}}]},"4":{"type":"branch","line":43,"loc":{"start":{"line":43,"column":9},"end":{"line":43,"column":14}},"locations":[{"start":{"line":43,"column":9},"end":{"line":43,"column":14}}]},"5":{"type":"branch","line":46,"loc":{"start":{"line":46,"column":14},"end":{"line":46,"column":31}},"locations":[{"start":{"line":46,"column":14},"end":{"line":46,"column":31}}]},"6":{"type":"branch","line":54,"loc":{"start":{"line":54,"column":13},"end":{"line":54,"column":35}},"locations":[{"start":{"line":54,"column":13},"end":{"line":54,"column":35}}]}},"b":{"0":[4],"1":[4],"2":[2],"3":[2],"4":[2],"5":[4],"6":[2]},"fnMap":{},"f":{}}
,"/home/vali-it/IdeaProjects/electricity-price/src/main.ts": {"path":"/home/vali-it/IdeaProjects/electricity-price/src/main.ts","all":true,"statementMap":{"0":{"start":{"line":1,"column":0},"end":{"line":1,"column":30}},"1":{"start":{"line":2,"column":0},"end":{"line":2,"column":18}},"2":{"start":{"line":3,"column":0},"end":{"line":3,"column":30}},"4":{"start":{"line":5,"column":0},"end":{"line":5,"column":24}},"5":{"start":{"line":6,"column":0},"end":{"line":6,"column":42}},"6":{"start":{"line":7,"column":0},"end":{"line":7,"column":2}},"8":{"start":{"line":9,"column":0},"end":{"line":9,"column":18}}},"s":{"0":0,"1":0,"2":0,"4":0,"5":0,"6":0,"8":0},"branchMap":{"0":{"type":"branch","line":1,"loc":{"start":{"line":1,"column":172},"end":{"line":9,"column":18}},"locations":[{"start":{"line":1,"column":172},"end":{"line":9,"column":18}}]}},"b":{"0":[0]},"fnMap":{"0":{"name":"(empty-report)","decl":{"start":{"line":1,"column":172},"end":{"line":9,"column":18}},"loc":{"start":{"line":1,"column":172},"end":{"line":9,"column":18}},"line":1}},"f":{"0":0}}
,"/home/vali-it/IdeaProjects/electricity-price/src/components/Bar.svelte": {"path":"/home/vali-it/IdeaProjects/electricity-price/src/components/Bar.svelte","all":false,"statementMap":{"0":{"start":{"line":1,"column":0},"end":{"line":1,"column":18}},"1":{"start":{"line":2,"column":0},"end":{"line":2,"column":27}},"2":{"start":{"line":3,"column":0},"end":{"line":3,"column":28}},"8":{"start":{"line":9,"column":0},"end":{"line":9,"column":17}},"9":{"start":{"line":10,"column":0},"end":{"line":10,"column":54}},"10":{"start":{"line":11,"column":0},"end":{"line":11,"column":40}}},"s":{"0":1,"1":1,"2":1,"8":1,"9":1,"10":1},"branchMap":{"0":{"type":"branch","line":10,"loc":{"start":{"line":10,"column":42},"end":{"line":10,"column":54}},"locations":[{"start":{"line":10,"column":42},"end":{"line":10,"column":54}}]},"1":{"type":"branch","line":11,"loc":{"start":{"line":11,"column":28},"end":{"line":11,"column":40}},"locations":[{"start":{"line":11,"column":28},"end":{"line":11,"column":40}}]}},"b":{"0":[0],"1":[0]},"fnMap":{},"f":{}}
,"/home/vali-it/IdeaProjects/electricity-price/src/components/CountrySwitcher.svelte": {"path":"/home/vali-it/IdeaProjects/electricity-price/src/components/CountrySwitcher.svelte","all":false,"statementMap":{"0":{"start":{"line":1,"column":0},"end":{"line":1,"column":18}},"3":{"start":{"line":4,"column":0},"end":{"line":4,"column":46}},"6":{"start":{"line":7,"column":0},"end":{"line":7,"column":32}},"11":{"start":{"line":12,"column":0},"end":{"line":12,"column":35}},"12":{"start":{"line":13,"column":0},"end":{"line":13,"column":36}},"14":{"start":{"line":15,"column":0},"end":{"line":15,"column":21}}},"s":{"0":1,"3":1,"6":1,"11":1,"12":1,"14":1},"branchMap":{"0":{"type":"branch","line":7,"loc":{"start":{"line":7,"column":7},"end":{"line":7,"column":16}},"locations":[{"start":{"line":7,"column":7},"end":{"line":7,"column":16}}]},"1":{"type":"branch","line":12,"loc":{"start":{"line":12,"column":34},"end":{"line":12,"column":35}},"locations":[{"start":{"line":12,"column":34},"end":{"line":12,"column":35}}]},"2":{"type":"branch","line":15,"loc":{"start":{"line":15,"column":20},"end":{"line":15,"column":21}},"locations":[{"start":{"line":15,"column":20},"end":{"line":15,"column":21}}]}},"b":{"0":[4],"1":[0],"2":[0]},"fnMap":{},"f":{}}
,"/home/vali-it/IdeaProjects/electricity-price/src/components/DateComponent.svelte": {"path":"/home/vali-it/IdeaProjects/electricity-price/src/components/DateComponent.svelte","all":false,"statementMap":{"0":{"start":{"line":1,"column":0},"end":{"line":1,"column":18}},"4":{"start":{"line":5,"column":0},"end":{"line":5,"column":44}},"10":{"start":{"line":11,"column":0},"end":{"line":11,"column":49}}},"s":{"0":1,"4":1,"10":1},"branchMap":{"0":{"type":"branch","line":5,"loc":{"start":{"line":5,"column":13},"end":{"line":5,"column":44}},"locations":[{"start":{"line":5,"column":13},"end":{"line":5,"column":44}}]}},"b":{"0":[2]},"fnMap":{},"f":{}}
,"/home/vali-it/IdeaProjects/electricity-price/src/components/Histogram.svelte": {"path":"/home/vali-it/IdeaProjects/electricity-price/src/components/Histogram.svelte","all":false,"statementMap":{"0":{"start":{"line":1,"column":0},"end":{"line":1,"column":18}},"8":{"start":{"line":9,"column":0},"end":{"line":9,"column":33}},"10":{"start":{"line":11,"column":0},"end":{"line":11,"column":31}},"11":{"start":{"line":12,"column":0},"end":{"line":12,"column":26}}},"s":{"0":1,"8":1,"10":1,"11":1},"branchMap":{"0":{"type":"branch","line":9,"loc":{"start":{"line":9,"column":27},"end":{"line":9,"column":29}},"locations":[{"start":{"line":9,"column":27},"end":{"line":9,"column":29}}]}},"b":{"0":[4]},"fnMap":{"0":{"name":"Histogram.__vite_ssr_import_1__.each.__vite_ssr_import_2__.default.time","decl":{"start":{"line":9,"column":27},"end":{"line":9,"column":29}},"loc":{"start":{"line":9,"column":27},"end":{"line":9,"column":29}},"line":9}},"f":{"0":4}}
,"/home/vali-it/IdeaProjects/electricity-price/src/utils/convertPriceMWhToSKWh.ts": {"path":"/home/vali-it/IdeaProjects/electricity-price/src/utils/convertPriceMWhToSKWh.ts","all":false,"statementMap":{"0":{"start":{"line":1,"column":0},"end":{"line":1,"column":64}},"1":{"start":{"line":2,"column":0},"end":{"line":2,"column":37}},"2":{"start":{"line":3,"column":0},"end":{"line":3,"column":44}},"3":{"start":{"line":4,"column":0},"end":{"line":4,"column":1}}},"s":{"0":1,"1":5,"2":5,"3":5},"branchMap":{"0":{"type":"branch","line":1,"loc":{"start":{"line":1,"column":7},"end":{"line":4,"column":1}},"locations":[{"start":{"line":1,"column":7},"end":{"line":4,"column":1}}]}},"b":{"0":[5]},"fnMap":{"0":{"name":"convertPriceMWhToSKWh","decl":{"start":{"line":1,"column":7},"end":{"line":4,"column":1}},"loc":{"start":{"line":1,"column":7},"end":{"line":4,"column":1}},"line":1}},"f":{"0":5}}
,"/home/vali-it/IdeaProjects/electricity-price/src/utils/convertTimestamp.ts": {"path":"/home/vali-it/IdeaProjects/electricity-price/src/utils/convertTimestamp.ts","all":false,"statementMap":{"0":{"start":{"line":1,"column":0},"end":{"line":1,"column":61}},"2":{"start":{"line":3,"column":0},"end":{"line":3,"column":44}},"3":{"start":{"line":4,"column":0},"end":{"line":4,"column":42}},"4":{"start":{"line":5,"column":0},"end":{"line":5,"column":49}},"5":{"start":{"line":6,"column":0},"end":{"line":6,"column":1}}},"s":{"0":1,"2":6,"3":6,"4":6,"5":6},"branchMap":{"0":{"type":"branch","line":1,"loc":{"start":{"line":1,"column":7},"end":{"line":6,"column":1}},"locations":[{"start":{"line":1,"column":7},"end":{"line":6,"column":1}}]},"1":{"type":"branch","line":5,"loc":{"start":{"line":5,"column":22},"end":{"line":5,"column":41}},"locations":[{"start":{"line":5,"column":22},"end":{"line":5,"column":41}}]},"2":{"type":"branch","line":5,"loc":{"start":{"line":5,"column":33},"end":{"line":5,"column":46}},"locations":[{"start":{"line":5,"column":33},"end":{"line":5,"column":46}}]}},"b":{"0":[6],"1":[5],"2":[1]},"fnMap":{"0":{"name":"convertTimestamp","decl":{"start":{"line":1,"column":7},"end":{"line":6,"column":1}},"loc":{"start":{"line":1,"column":7},"end":{"line":6,"column":1}},"line":1}},"f":{"0":6}}
,"/home/vali-it/IdeaProjects/electricity-price/src/utils/countries.ts": {"path":"/home/vali-it/IdeaProjects/electricity-price/src/utils/countries.ts","all":false,"statementMap":{"0":{"start":{"line":1,"column":0},"end":{"line":1,"column":58}}},"s":{"0":1},"branchMap":{},"b":{},"fnMap":{},"f":{}}
,"/home/vali-it/IdeaProjects/electricity-price/src/utils/dates.ts": {"path":"/home/vali-it/IdeaProjects/electricity-price/src/utils/dates.ts","all":false,"statementMap":{"2":{"start":{"line":3,"column":0},"end":{"line":3,"column":42}},"4":{"start":{"line":5,"column":0},"end":{"line":5,"column":39}},"5":{"start":{"line":6,"column":0},"end":{"line":6,"column":54}},"6":{"start":{"line":7,"column":0},"end":{"line":7,"column":1}},"8":{"start":{"line":9,"column":0},"end":{"line":9,"column":47}},"9":{"start":{"line":10,"column":0},"end":{"line":10,"column":27}},"10":{"start":{"line":11,"column":0},"end":{"line":11,"column":31}},"11":{"start":{"line":12,"column":0},"end":{"line":12,"column":23}},"12":{"start":{"line":13,"column":0},"end":{"line":13,"column":1}},"14":{"start":{"line":15,"column":0},"end":{"line":15,"column":47}},"15":{"start":{"line":16,"column":0},"end":{"line":16,"column":15}},"16":{"start":{"line":17,"column":0},"end":{"line":17,"column":1}}},"s":{"2":1,"4":1,"5":2,"6":2,"8":0,"9":0,"10":0,"11":0,"12":0,"14":0,"15":0,"16":0},"branchMap":{"0":{"type":"branch","line":5,"loc":{"start":{"line":5,"column":7},"end":{"line":7,"column":1}},"locations":[{"start":{"line":5,"column":7},"end":{"line":7,"column":1}}]}},"b":{"0":[2]},"fnMap":{"0":{"name":"toISODate","decl":{"start":{"line":5,"column":7},"end":{"line":7,"column":1}},"loc":{"start":{"line":5,"column":7},"end":{"line":7,"column":1}},"line":5},"1":{"name":"prevDate","decl":{"start":{"line":9,"column":0},"end":{"line":13,"column":1}},"loc":{"start":{"line":9,"column":0},"end":{"line":13,"column":1}},"line":9},"2":{"name":"nextDate","decl":{"start":{"line":15,"column":0},"end":{"line":17,"column":1}},"loc":{"start":{"line":15,"column":0},"end":{"line":17,"column":1}},"line":15}},"f":{"0":2,"1":0,"2":0}}
,"/home/vali-it/IdeaProjects/electricity-price/src/utils/loader.ts": {"path":"/home/vali-it/IdeaProjects/electricity-price/src/utils/loader.ts","all":false,"statementMap":{"0":{"start":{"line":1,"column":0},"end":{"line":1,"column":40}},"1":{"start":{"line":2,"column":0},"end":{"line":2,"column":43}},"2":{"start":{"line":3,"column":0},"end":{"line":3,"column":41}},"3":{"start":{"line":4,"column":0},"end":{"line":4,"column":109}},"4":{"start":{"line":5,"column":0},"end":{"line":5,"column":1}},"6":{"start":{"line":7,"column":0},"end":{"line":7,"column":47}},"7":{"start":{"line":8,"column":0},"end":{"line":8,"column":28}},"8":{"start":{"line":9,"column":0},"end":{"line":9,"column":37}},"9":{"start":{"line":10,"column":0},"end":{"line":10,"column":23}},"10":{"start":{"line":11,"column":0},"end":{"line":11,"column":54}},"11":{"start":{"line":12,"column":0},"end":{"line":12,"column":5}},"12":{"start":{"line":13,"column":0},"end":{"line":13,"column":42}},"13":{"start":{"line":14,"column":0},"end":{"line":14,"column":24}},"14":{"start":{"line":15,"column":0},"end":{"line":15,"column":1}}},"s":{"0":1,"1":6,"2":6,"3":6,"4":6,"6":4,"7":4,"8":4,"9":4,"10":1,"11":1,"12":3,"13":3,"14":3},"branchMap":{"0":{"type":"branch","line":1,"loc":{"start":{"line":1,"column":7},"end":{"line":5,"column":1}},"locations":[{"start":{"line":1,"column":7},"end":{"line":5,"column":1}}]},"1":{"type":"branch","line":7,"loc":{"start":{"line":7,"column":0},"end":{"line":15,"column":1}},"locations":[{"start":{"line":7,"column":0},"end":{"line":15,"column":1}}]},"2":{"type":"branch","line":10,"loc":{"start":{"line":10,"column":22},"end":{"line":15,"column":1}},"locations":[{"start":{"line":10,"column":22},"end":{"line":15,"column":1}}]},"3":{"type":"branch","line":10,"loc":{"start":{"line":10,"column":22},"end":{"line":12,"column":5}},"locations":[{"start":{"line":10,"column":22},"end":{"line":12,"column":5}}]}},"b":{"0":[6],"1":[4],"2":[3],"3":[1]},"fnMap":{"0":{"name":"fetchUrl","decl":{"start":{"line":1,"column":7},"end":{"line":5,"column":1}},"loc":{"start":{"line":1,"column":7},"end":{"line":5,"column":1}},"line":1},"1":{"name":"fetchData","decl":{"start":{"line":7,"column":0},"end":{"line":15,"column":1}},"loc":{"start":{"line":7,"column":0},"end":{"line":15,"column":1}},"line":7}},"f":{"0":6,"1":4}}
}
